<?xml version="1.0" encoding="UTF-8"?>
<!-- Generated by org.testng.reporters.JUnitReportReporter -->
<testsuite name="test.Tests" tests="3" time="21.034" ignored="0" failures="0" timestamp="01 Nov 2018 17:29:00 GMT" skipped="0" hostname="WINDOWS-0GLD3J0" errors="0">
  <testcase name="pruebaUno" time="18.232" classname="test.Tests"/>
  <testcase name="pruebaTres" time="2.765" classname="test.Tests"/>
  <testcase name="pruebaDos" time="0.037" classname="test.Tests"/>
</testsuite> <!-- test.Tests -->
